<?xml version="1.0" encoding="UTF-8"?>
<!-- Generated by org.testng.reporters.JUnitReportReporter -->
<testsuite hostname="DESKTOP-C61U6HK" failures="0" tests="22" name="testCasePack.HybridTestCase" time="21.420" errors="0" timestamp="14 Feb 2019 02:50:06 GMT">
  <testcase classname="testCasePack.HybridTestCase" name="HybridUnderTest" time="0.070"/>
  <testcase classname="testCasePack.HybridTestCase" name="HybridUnderTest" time="0.049"/>
  <testcase classname="testCasePack.HybridTestCase" name="HybridUnderTest" time="0.019"/>
  <testcase classname="testCasePack.HybridTestCase" name="HybridUnderTest" time="0.088"/>
  <testcase classname="testCasePack.HybridTestCase" name="HybridUnderTest" time="0.112"/>
  <testcase classname="testCasePack.HybridTestCase" name="HybridUnderTest" time="3.008"/>
  <testcase classname="testCasePack.HybridTestCase" name="HybridUnderTest" time="0.138"/>
  <testcase classname="testCasePack.HybridTestCase" name="HybridUnderTest" time="0.032"/>
  <testcase classname="testCasePack.HybridTestCase" name="HybridUnderTest" time="1.216"/>
  <testcase classname="testCasePack.HybridTestCase" name="HybridUnderTest" time="3.012"/>
  <testcase classname="testCasePack.HybridTestCase" name="HybridUnderTest" time="4.384"/>
  <testcase classname="testCasePack.HybridTestCase" name="HybridUnderTest" time="0.090"/>
  <testcase classname="testCasePack.HybridTestCase" name="HybridUnderTest" time="1.277"/>
  <testcase classname="testCasePack.HybridTestCase" name="HybridUnderTest" time="0.310"/>
  <testcase classname="testCasePack.HybridTestCase" name="HybridUnderTest" time="1.041"/>
  <testcase classname="testCasePack.HybridTestCase" name="HybridUnderTest" time="0.159"/>
  <testcase classname="testCasePack.HybridTestCase" name="HybridUnderTest" time="0.058"/>
  <testcase classname="testCasePack.HybridTestCase" name="HybridUnderTest" time="0.152"/>
  <testcase classname="testCasePack.HybridTestCase" name="HybridUnderTest" time="3.006"/>
  <testcase classname="testCasePack.HybridTestCase" name="HybridUnderTest" time="3.010"/>
  <testcase classname="testCasePack.HybridTestCase" name="HybridUnderTest" time="0.048"/>
  <testcase classname="testCasePack.HybridTestCase" name="HybridUnderTest" time="0.141"/>
</testsuite> <!-- testCasePack.HybridTestCase -->
